<component name="libraryTable">
  <library name="junit-4.12-beta-1">
    <CLASSES>
      <root url="jar://$PROJECT_DIR$/../lib/junit.4.12/junit-4.12-beta-1.jar!/" />
      <root url="jar://$PROJECT_DIR$/../lib/junit.4.12/hamcrest-core-1.3.jar!/" />
    </CLASSES>
    <JAVADOC />
    <SOURCES>
      <root url="jar://$PROJECT_DIR$/../lib/junit.4.12/junit-4.12-beta-1-sources.jar!/" />
      <root url="jar://$PROJECT_DIR$/../lib/junit.4.12/hamcrest-core-1.3-sources.jar!/" />
    </SOURCES>
  </library>
</component>