<component name="libraryTable">
  <library name="junit.4.0.0">
    <CLASSES>
      <root url="jar://$PROJECT_DIR$/../lib/junit.4.0/junit-4.0.jar!/" />
    </CLASSES>
    <JAVADOC />
    <SOURCES>
      <root url="jar://$PROJECT_DIR$/../lib/junit.4.0/junit-4.0-src.jar!/" />
    </SOURCES>
  </library>
</component>